<?xml version="1.0" encoding="UTF-8"?>
<!-- Generated by org.testng.reporters.JUnitReportReporter -->
<testsuite hostname="0f82c8479cf9" failures="0" tests="3" name="Runner.TestNGCucumberRunner" time="5.573" errors="0" timestamp="2025-08-03T03:43:07 UTC" skipped="0">
  <testcase classname="Runner.TestNGCucumberRunner" name="runScenario" time="2.096"/>
  <system-out/>
  <testcase classname="Runner.TestNGCucumberRunner" name="runScenario" time="0.720"/>
  <system-out/>
  <testcase classname="Runner.TestNGCucumberRunner" name="runScenario" time="2.757"/>
  <system-out/>
</testsuite> <!-- Runner.TestNGCucumberRunner -->
