<?xml version="1.0" encoding="UTF-8"?>
<!-- Generated by org.testng.reporters.JUnitReportReporter -->
<testsuite hostname="53e49fc7f626" failures="0" tests="3" name="Runner.TestNGCucumberRunner" time="4.518" errors="0" timestamp="2025-08-03T14:03:53 UTC" skipped="0">
  <testcase classname="Runner.TestNGCucumberRunner" name="runScenario" time="0.632"/>
  <system-out/>
  <testcase classname="Runner.TestNGCucumberRunner" name="runScenario" time="1.332"/>
  <system-out/>
  <testcase classname="Runner.TestNGCucumberRunner" name="runScenario" time="2.554"/>
  <system-out/>
</testsuite> <!-- Runner.TestNGCucumberRunner -->
