<?xml version="1.0" encoding="UTF-8"?>
<!-- Generated by org.testng.reporters.JUnitReportReporter -->
<testsuite hostname="5e7eea499def" failures="0" tests="3" name="Runner.TestNGCucumberRunner" time="6.425" errors="0" timestamp="2025-08-03T04:07:05 UTC" skipped="0">
  <testcase classname="Runner.TestNGCucumberRunner" name="runScenario" time="0.736"/>
  <system-out/>
  <testcase classname="Runner.TestNGCucumberRunner" name="runScenario" time="2.715"/>
  <system-out/>
  <testcase classname="Runner.TestNGCucumberRunner" name="runScenario" time="2.974"/>
  <system-out/>
</testsuite> <!-- Runner.TestNGCucumberRunner -->
