<?xml version="1.0" encoding="UTF-8"?>
<!-- Generated by org.testng.reporters.JUnitReportReporter -->
<testsuite hostname="53e49fc7f626" failures="0" tests="3" name="Runner.TestNGCucumberRunner" time="4.187" errors="0" timestamp="2025-08-03T17:29:11 UTC" skipped="0">
  <testcase classname="Runner.TestNGCucumberRunner" name="runScenario" time="0.679"/>
  <system-out/>
  <testcase classname="Runner.TestNGCucumberRunner" name="runScenario" time="1.406"/>
  <system-out/>
  <testcase classname="Runner.TestNGCucumberRunner" name="runScenario" time="2.102"/>
  <system-out/>
</testsuite> <!-- Runner.TestNGCucumberRunner -->
