<?xml version="1.0" encoding="UTF-8"?>
<!-- Generated by org.testng.reporters.JUnitReportReporter -->
<testsuite hostname="DESKTOP-C7NHM2P" failures="0" tests="3" name="Runner.TestNGCucumberRunner" time="5.540" errors="0" timestamp="2025-08-03T01:00:50 CEST" skipped="0">
  <testcase classname="Runner.TestNGCucumberRunner" name="runScenario" time="0.758"/>
  <system-out/>
  <testcase classname="Runner.TestNGCucumberRunner" name="runScenario" time="1.192"/>
  <system-out/>
  <testcase classname="Runner.TestNGCucumberRunner" name="runScenario" time="3.590"/>
  <system-out/>
</testsuite> <!-- Runner.TestNGCucumberRunner -->
